Testnet 07.01.2026 lglen/chore/STAR-345-testnet-deployment

PricefeedWrapper deployed to: 0x1D161DD7e2C0a87E0693A4A4e949fed03a121b94dD92eD1C580d3A66833e478a 0x1d161dd7e2c0a87e0693a4a4e949fed03a121b94dd92ed1c580d3a66833e478a
Vault implementation deployed to: 0xcfCE27776e24cB0B8c89c633572C8eF901265C28d0555996d676FfF126717C0c 0xcfce27776e24cb0b8c89c633572c8ef901265c28d0555996d676fff126717c0c
SimpleProxy deployed to: 0x2D9585c7996af0A382Aff5ba298831cA26b190Bf3eDB37E3FDc1f27AEDefFfc2 0x2d9585c7996af0a382aff5ba298831ca26b190bf3edb37e3fdc1f27aedefffc2
SimpleProxy initialized
Vault deployed to: 0x2D9585c7996af0A382Aff5ba298831cA26b190Bf3eDB37E3FDc1f27AEDefFfc2 0x2d9585c7996af0a382aff5ba298831ca26b190bf3edb37e3fdc1f27aedefffc2
Vault initialized
Deployment done

Testnet 21.09 lglen/feat/STAR-189-indexer

Deploying token named mckUSDC sUSDC decimals: 6
Token deployed to: contractId: 0x5CDc3143D0bC1fFD896D025F0c88fC10593aa768D20416a151F6734430e78ad9 assetId: 0x02223454885e5de4e0d5dcbc19dc654bb2c5820b12955d716ee314b5cf0281a9
Token initialized
Vault deployed to: 0xdd827bd07a7A77FbCc9961F4003977c3f96714678dDc46ddE217A9da2b45F006 0xdd827bd07a7a77fbcc9961f4003977c3f96714678ddc46dde217a9da2b45f006
Vault initialized
VaultPricefeed deployed to: 0x7C624FBDdF367c799EF618FAfD4Bf45a9E848bf28c0D38E3E46aD55b42B172b3 0x7c624fbddf367c799ef618fafd4bf45a9e848bf28c0d38e3e46ad55b42b172b3
VaultPricefeed initialized
Deployment done
Deploying token named mockBTC sbBTC decimals: 9
Token deployed to: contractId: 0xE4c8C10b31D9De5D4333C389A7101E580630D053AF47467A40fb1D1DAd6B399c assetId: 0x304c09238b060a56c8e40c52cd6f3caea22e9acb0c465e2f022f7aab468b3aae
Token initialized
Deploying token named mockBNB sbBNB decimals: 9
Token deployed to: contractId: 0xa0A76C0D74cDAd92f1282B8dFbF35C39F7a5434611A076Bb08E239EA4bb2B6E0 assetId: 0xcddbcaaf6fefe02a2f11d40c65e1939313211a4b821b11f80bc8994dc2930212
Token initialized
Deploying token named mockETH sbETH decimals: 9
Token deployed to: contractId: 0x5B6712bF3A0E877E3A97A5B903B97c34FDefE8526E40fD4F0f8A2FdB8b03E6eA assetId: 0xaedd7f783e841380a9ff6bd8936a35daeb2b58ce71cdf925182befd9abd4fb39
Token initialized
Setup complete


Testnet 16.09 lglen/chore/STAR-33-testnet-deployment

Deploying token named mckUSDC sUSDC decimals: 6
Token deployed to: contractId: 0x7f37C2B7AC895EAFd199cb1c4BAA2777F09f64221832B3542a517C563A4647Fe assetId: 0x7af2177f8ea115637c2bee209a0215948279debe907a5b8fb3cef1b2f005101a
Token initialized
Vault deployed to: 0x6aa9D81181caE1808b93880d1c5d41c392b00D97536873460B4045AD64D88E7A 0x6aa9d81181cae1808b93880d1c5d41c392b00d97536873460b4045ad64d88e7a
Vault initialized
VaultPricefeed deployed to: 0x2444c33B76f2Df2Ccfe2757cc756E06d444A7E78BA57076C078Fc97fA64E2001 0x2444c33b76f2df2ccfe2757cc756e06d444a7e78ba57076c078fc97fa64e2001
VaultPricefeed initialized
Deployment done
Deploying token named mockBTC sbBTC decimals: 9
Token deployed to: contractId: 0x98aF660BbE4f5c2fd42641AcB9704cEE655F8CF829096293C67bf5413aA50bf3 assetId: 0xf960a238b7481a016c97ce93607cc7929123566f37e283a41ccd735864d08298
Token initialized
Deploying token named mockBNB sbBNB decimals: 9
Token deployed to: contractId: 0xe6f9d1331818b7771BB8c6716368e1D1BF97feb49b867Bdb6DEd265a6487F847 assetId: 0x2baa949d7d2cdaeacb14899d914677afdae7756f72cbf42f99e07da2a2912c47
Token initialized
Deploying token named mockETH sbETH decimals: 9
Token deployed to: contractId: 0xeEF32987554F817A7568A6E10b7cDB1F5CcDe41E8d6a9203c9ad7cd5721855E2 assetId: 0x9d0e673b24456960442141150f0fa3fc575acb0a349c2be795279acd9a5f23d9
Token initialized
Setup complete

